Start testing: Aug 26 11:26 ADT
----------------------------------------------------------
47/57 Testing: persistent_motor_session_cudss
47/57 Test: persistent_motor_session_cudss
Command: "/home/alex/xfemm_cuda/xfemm/cfemm/bin/persistent_motor_session_test" "/home/alex/xfemm_cuda/xfemm/cfemm/../mfemm/testing/radial_machine/data/radial_machine_sliding.fem"
Directory: /home/alex/xfemm_cuda/xfemm/build-cudss-session/fpproc
"persistent_motor_session_cudss" start time: Aug 26 11:26 ADT
Output:
----------------------------------------------------------
Matrix Construction
Newton Iteration(0) Relax=1
Matrix Construction
Newton Iteration(1) Relax=1
Matrix Construction
Newton Iteration(2) Relax=1
Matrix Construction
Newton Iteration(3) Relax=1
Matrix Construction
Newton Iteration(4) Relax=1
Matrix Construction
Newton Iteration(5) Relax=1
Matrix Construction
Newton Iteration(6) Relax=1
Matrix Construction
Newton Iteration(7) Relax=1
Matrix Construction
Newton Iteration(8) Relax=1
Matrix Construction
Newton Iteration(9) Relax=1
Matrix Construction
Conjugate Gradient Solver
Newton Iteration(0) Relax=1
Matrix Construction
Conjugate Gradient Solver
Newton Iteration(1) Relax=1
Matrix Construction
Conjugate Gradient Solver
Newton Iteration(2) Relax=1
Matrix Construction
Conjugate Gradient Solver
Newton Iteration(3) Relax=1
Matrix Construction
Conjugate Gradient Solver
Newton Iteration(4) Relax=1
Matrix Construction
Conjugate Gradient Solver
Newton Iteration(5) Relax=1
Matrix Construction
Conjugate Gradient Solver
Newton Iteration(6) Relax=1
Matrix Construction
Conjugate Gradient Solver
Newton Iteration(7) Relax=1
Matrix Construction
Conjugate Gradient Solver
Newton Iteration(8) Relax=1
Matrix Construction
Conjugate Gradient Solver
Newton Iteration(9) Relax=1
Matrix Construction
Newton Iteration(0) Relax=1
Matrix Construction
Newton Iteration(1) Relax=1
persistent_session_initial cpu_torque=0.010359682913916349 gpu_torque=0.010359663048235801 torque_abs_error=1.9865680548486475e-08 nodal_relative_error=4.6321244490778692e-07 nodal_max_error=2.9119329916088565e-09 gpu_relative_residual=9.1341633135523396e-14 cpu_newton_iterations=10 gpu_newton_iterations=2
persistent_session_flux circuit=0 cpu=1.3991084376330232e-06 gpu=1.3991336485774664e-06 abs_error=2.5210944443188055e-11
persistent_session_flux circuit=1 cpu=-7.6101318846610866e-07 gpu=-7.6101065596412276e-07 abs_error=2.532501985896829e-12
persistent_session_flux circuit=2 cpu=7.2966104160980655e-07 gpu=7.2967067423003732e-07 abs_error=9.6326202307699333e-12
Matrix Construction
Newton Iteration(0) Relax=1
Matrix Construction
Newton Iteration(1) Relax=1
Matrix Construction
Newton Iteration(2) Relax=1
Matrix Construction
Newton Iteration(3) Relax=1
Matrix Construction
Newton Iteration(0) Relax=1
Matrix Construction
Newton Iteration(1) Relax=1
Matrix Construction
Newton Iteration(0) Relax=1
Matrix Construction
Newton Iteration(1) Relax=1
<end of output>
Test time =   3.96 sec
----------------------------------------------------------
Test Passed.
"persistent_motor_session_cudss" end time: Aug 26 11:26 ADT
"persistent_motor_session_cudss" time elapsed: 00:00:03
----------------------------------------------------------

End testing: Aug 26 11:26 ADT

airgap =   3.96 sec*proc

cuda =   3.96 sec*proc

cudss =   3.96 sec*proc

magnetics =   3.96 sec*proc

regression =   3.96 sec*proc

